\BOOKMARK [1][-]{section.1}{\376\377\000P\000I\000D\173\227\154\325\127\050\142\020\147\054\143\247\122\066\230\206\127\337\166\204\136\224\165\050}{}% 1
\BOOKMARK [2][-]{subsection.1.1}{\376\377\000P\000I\000D\143\247\122\066\173\227\154\325\173\200\116\313}{section.1}% 2
\BOOKMARK [2][-]{subsection.1.2}{\376\377\000P\000I\000D\173\227\154\325\173\200\123\125\116\343\170\001}{section.1}% 3
\BOOKMARK [3][-]{subsubsection.1.2.1}{\376\377\117\115\177\156\137\017\000P\000I\000D}{subsection.1.2}% 4
\BOOKMARK [3][-]{subsubsection.1.2.2}{\376\377\130\236\221\317\137\017\000P\000I\000D}{subsection.1.2}% 5
\BOOKMARK [2][-]{subsection.1.3}{\376\377\123\302\200\003\215\104\145\231}{section.1}% 6
\BOOKMARK [1][-]{section.2}{\376\377\000U\000p\000l\000i\000f\000t\173\227\154\325\127\050\142\020\147\054\133\232\116\367\230\206\127\337\166\204\136\224\165\050}{}% 7
\BOOKMARK [1][-]{section.3}{\376\377\126\340\147\234\143\250\145\255\136\372\152\041}{}% 8
\BOOKMARK [2][-]{subsection.3.1}{\376\377\123\302\200\003\215\104\145\231}{section.3}% 9
\BOOKMARK [1][-]{section.4}{\376\377\131\032\176\246\147\137\145\164\145\160\211\304\122\022}{}% 10
\BOOKMARK [2][-]{subsection.4.1}{\376\377\215\052\132\152\173\227\154\325}{section.4}% 11
\BOOKMARK [2][-]{subsection.4.2}{\376\377\116\214\122\006\173\227\154\325}{section.4}% 12
\BOOKMARK [2][-]{subsection.4.3}{\376\377\123\125\176\257\137\142\154\325}{section.4}% 13
\BOOKMARK [2][-]{subsection.4.4}{\376\377\122\006\147\235\165\114\133\232\154\325}{section.4}% 14
\BOOKMARK [2][-]{subsection.4.5}{\376\377\124\057\123\321\137\017\173\227\154\325}{section.4}% 15
\BOOKMARK [2][-]{subsection.4.6}{\376\377\142\311\150\074\147\027\145\345\116\130\133\120\154\325}{section.4}% 16
\BOOKMARK [2][-]{subsection.4.7}{\376\377\124\014\153\145\127\120\150\007\116\013\226\115\154\325}{section.4}% 17
\BOOKMARK [1][-]{section.5}{\376\377\000R\000O\000I\121\154\137\017\143\250\133\374}{}% 18
\BOOKMARK [2][-]{subsection.5.1}{\376\377\000R\000O\000I\121\154\137\017}{section.5}% 19
\BOOKMARK [2][-]{subsection.5.2}{\376\377\000C\000V\000R\213\304\122\006\220\011\142\351}{section.5}% 20
\BOOKMARK [2][-]{subsection.5.3}{\376\377\217\271\226\105\000R\000O\000I\121\154\137\017\143\250\133\374}{section.5}% 21
\BOOKMARK [2][-]{subsection.5.4}{\376\377\153\143\153\324\121\154\137\017\143\250\133\374}{section.5}% 22
